<?xml version="1.0" encoding="UTF-8"?>
<testng-results skipped="0" failed="0" ignored="0" total="2" passed="2">
  <reporter-output>
  </reporter-output>
  <suite name="parallel execution" duration-ms="9613" started-at="2019-02-15T11:08:16Z" finished-at="2019-02-15T11:08:25Z">
    <groups>
    </groups>
    <test name="chrome_parallel1" duration-ms="9117" started-at="2019-02-15T11:08:16Z" finished-at="2019-02-15T11:08:25Z">
      <class name="testNG_Annotations.ParallelEnhanced">
        <test-method status="PASS" signature="launch(java.lang.String)[pri:0, instance:testNG_Annotations.ParallelEnhanced@3532ec19]" name="launch" is-config="true" duration-ms="3593" started-at="2019-02-15T11:08:16Z" finished-at="2019-02-15T11:08:19Z">
          <params>
            <param index="0">
              <value>
                <![CDATA[chrome]]>
              </value>
            </param>
          </params>
          <reporter-output>
          </reporter-output>
        </test-method> <!-- launch -->
        <test-method status="PASS" signature="Google()[pri:0, instance:testNG_Annotations.ParallelEnhanced@3532ec19]" name="Google" duration-ms="5504" started-at="2019-02-15T11:08:19Z" finished-at="2019-02-15T11:08:25Z">
          <reporter-output>
          </reporter-output>
        </test-method> <!-- Google -->
      </class> <!-- testNG_Annotations.ParallelEnhanced -->
    </test> <!-- chrome_parallel1 -->
    <test name="firefox_parallel" duration-ms="9613" started-at="2019-02-15T11:08:16Z" finished-at="2019-02-15T11:08:25Z">
      <class name="testNG_Annotations.ParallelEnhanced">
        <test-method status="PASS" signature="launch(java.lang.String)[pri:0, instance:testNG_Annotations.ParallelEnhanced@68be2bc2]" name="launch" is-config="true" duration-ms="3805" started-at="2019-02-15T11:08:16Z" finished-at="2019-02-15T11:08:19Z">
          <params>
            <param index="0">
              <value>
                <![CDATA[chrome]]>
              </value>
            </param>
          </params>
          <reporter-output>
          </reporter-output>
        </test-method> <!-- launch -->
        <test-method status="PASS" signature="Google()[pri:0, instance:testNG_Annotations.ParallelEnhanced@68be2bc2]" name="Google" duration-ms="5806" started-at="2019-02-15T11:08:19Z" finished-at="2019-02-15T11:08:25Z">
          <reporter-output>
          </reporter-output>
        </test-method> <!-- Google -->
      </class> <!-- testNG_Annotations.ParallelEnhanced -->
    </test> <!-- firefox_parallel -->
  </suite> <!-- parallel execution -->
</testng-results>
