<?xml version="1.0" encoding="UTF-8"?>
<!-- Generated by org.testng.reporters.JUnitXMLReporter -->
<testsuite hostname="M4L-FAC-MANZOOR" name="Test" tests="4" failures="0" timestamp="12 Mar 2017 07:46:16 GMT" time="9.377" errors="0">
  <testcase name="logout" time="0.905" classname="testNG_Annotations.BeforeAfterAnnotations"/>
  <testcase name="login" time="2.219" classname="testNG_Annotations.BeforeAfterAnnotations"/>
  <testcase name="launch" time="1.979" classname="testNG_Annotations.DependsOnMethod"/>
  <testcase name="login" time="2.272" classname="testNG_Annotations.DependsOnMethod"/>
</testsuite> <!-- Test -->
