<?xml version="1.0" encoding="UTF-8"?>
<!-- Generated by org.testng.reporters.JUnitXMLReporter -->
<testsuite hostname="M4L-FAC-SUNIL" ignored="1" name="smoke test" tests="2" failures="0" timestamp="15 Feb 2019 10:49:52 GMT" time="0.056" errors="0">
  <testcase name="Test1" time="0.015" classname="testNG_Annotations.GroupExercise1"/>
  <testcase name="Test2" time="0.0" classname="testNG_Annotations.GroupExercise1"/>
  <testcase name="Test3" time="0.0" classname="testNG_Annotations.GroupExercise1">
    <ignored/>
  </testcase> <!-- Test3 -->
</testsuite> <!-- smoke test -->
