<?xml version="1.0" encoding="UTF-8"?>
<!-- Generated by org.testng.reporters.JUnitXMLReporter -->
<testsuite hostname="M4L-FAC-MANZOOR" name="parallel" tests="3" failures="0" timestamp="13 Mar 2017 01:37:23 GMT" time="0.048" errors="0">
  <testcase name="Test1" time="0.016" classname="testNG_Annotations.ParalleleExecution"/>
  <testcase name="Test2" time="0.0" classname="testNG_Annotations.ParalleleExecution"/>
  <testcase name="Test3" time="0.004" classname="testNG_Annotations.ParalleleExecution"/>
</testsuite> <!-- parallel -->
