<?xml version="1.0" encoding="UTF-8"?>
<!-- Generated by org.testng.reporters.JUnitXMLReporter -->
<testsuite hostname="M4L-FAC-MANZOOR" name="Test1" tests="4" failures="0" timestamp="12 Mar 2017 08:14:44 GMT" time="9.803" errors="0">
  <testcase name="logout" time="0.974" classname="testNG_Annotations.BeforeAfterAnnotations"/>
  <testcase name="login" time="2.197" classname="testNG_Annotations.BeforeAfterAnnotations"/>
  <testcase name="launch" time="2.033" classname="testNG_Annotations.DependsOnMethod"/>
  <testcase name="login" time="2.412" classname="testNG_Annotations.DependsOnMethod"/>
</testsuite> <!-- Test1 -->
